<?xml version="1.0" encoding="UTF-8"?>
<!-- Generated by org.testng.reporters.JUnitReportReporter -->
<testsuite hostname="LAPTOP-6TFG7JMR" failures="0" tests="1" name="inetbankingV1.inetbankingV1.WebDriverTest" time="17.311" errors="0" timestamp="2021-02-13T12:09:04 GMT+08:00" skipped="0">
  <testcase classname="inetbankingV1.inetbankingV1.WebDriverTest" name="verifySearch" time="17.311"/>
  <system-out/>
</testsuite> <!-- inetbankingV1.inetbankingV1.WebDriverTest -->
