<?xml version="1.0" encoding="UTF-8"?>
<!-- Generated by org.testng.reporters.JUnitReportReporter -->
<testsuite hostname="LAPTOP-6TFG7JMR" failures="0" tests="1" name="com.inetbanking.testcases.TC_AddCustomerTest_003" time="12.713" errors="0" timestamp="07 Mar 2021 03:55:12 GMT" skipped="0">
  <testcase classname="com.inetbanking.testcases.TC_AddCustomerTest_003" name="addNewCustomer" time="12.713"/>
</testsuite> <!-- com.inetbanking.testcases.TC_AddCustomerTest_003 -->
