<?xml version="1.0" encoding="UTF-8"?>
<!-- Generated by org.testng.reporters.JUnitReportReporter -->
<testsuite hostname="LAPTOP-6TFG7JMR" failures="0" tests="1" name="com.inetbanking.testcases.TC_LoginTest_001" time="2.398" errors="0" timestamp="09 Mar 2021 07:09:51 GMT" skipped="0">
  <testcase classname="com.inetbanking.testcases.TC_LoginTest_001" name="loginTest" time="2.398"/>
</testsuite> <!-- com.inetbanking.testcases.TC_LoginTest_001 -->
